[0mGET /css/layout.css [33m404[0m 49.223 ms - 153[0m
[0mGET /js/home_post_comments.js [33m404[0m 34.962 ms - 163[0m
[0mGET /js/home_posts.js [33m404[0m 44.285 ms - 155[0m
[0mGET /css/footer.css [33m404[0m 48.821 ms - 153[0m
[0mGET /css/header.css [33m404[0m 67.409 ms - 153[0m
[0mGET /css/home.css [33m404[0m 61.139 ms - 151[0m
[0mGET /js/chat_engine.js [33m404[0m 7.986 ms - 156[0m
[0mGET /js/toggle_likes.js [33m404[0m 10.242 ms - 157[0m
[0mGET /css/layout.css [33m404[0m 8.075 ms - 153[0m
[0mGET /css/header.css [33m404[0m 12.443 ms - 153[0m
[0mGET /css/footer.css [33m404[0m 13.431 ms - 153[0m
[0mGET /css/home.css [33m404[0m 15.954 ms - 151[0m
[0mGET / [32m200[0m 53.723 ms - 6370[0m
[0mGET /css/layout.css [33m404[0m 14.657 ms - 153[0m
[0mGET /css/header.css [33m404[0m 14.992 ms - 153[0m
[0mGET /css/home.css [33m404[0m 20.019 ms - 151[0m
[0mGET /js/home_post_comments.js [33m404[0m 10.152 ms - 163[0m
[0mGET /js/home_posts.js [33m404[0m 12.897 ms - 155[0m
[0mGET /css/footer.css [33m404[0m 18.892 ms - 153[0m
[0mGET /js/toggle_likes.js [33m404[0m 3.259 ms - 157[0m
[0mGET /js/chat_engine.js [33m404[0m 4.890 ms - 156[0m
[0mGET /users/sign-in [36m304[0m 15.662 ms - -[0m
[0mGET /css/layout.css [33m404[0m 9.616 ms - 153[0m
[0mGET /css/header.css [33m404[0m 12.744 ms - 153[0m
[0mGET /css/footer.css [33m404[0m 12.301 ms - 153[0m
[0mPOST /users/create-session [36m302[0m 14.682 ms - 72[0m
[0mGET /users/sign-in [36m304[0m 9.117 ms - -[0m
[0mGET /css/layout.css [33m404[0m 13.864 ms - 153[0m
[0mGET /css/header.css [33m404[0m 15.788 ms - 153[0m
[0mGET /css/footer.css [33m404[0m 18.238 ms - 153[0m
[0mPOST /users/create-session [36m302[0m 8.674 ms - 72[0m
[0mGET /users/sign-in [36m304[0m 8.581 ms - -[0m
[0mGET /css/layout.css [33m404[0m 4.010 ms - 153[0m
[0mGET /css/header.css [33m404[0m 11.669 ms - 153[0m
[0mGET /css/footer.css [33m404[0m 11.549 ms - 153[0m
[0mGET / [36m304[0m 52.876 ms - -[0m
[0mGET /css/layout.css [33m404[0m 12.784 ms - 153[0m
[0mGET /css/header.css [33m404[0m 30.541 ms - 153[0m
[0mGET /css/footer.css [33m404[0m 31.024 ms - 153[0m
[0mGET /css/home.css [33m404[0m 31.540 ms - 151[0m
[0mGET /js/home_post_comments.js [33m404[0m 17.884 ms - 163[0m
[0mGET /js/home_posts.js [33m404[0m 18.427 ms - 155[0m
[0mGET /js/toggle_likes.js [33m404[0m 11.985 ms - 157[0m
[0mGET /js/chat_engine.js [33m404[0m 10.977 ms - 156[0m
[0mGET /css/layout.css [33m404[0m 21.079 ms - 153[0m
[0mGET /css/header.css [33m404[0m 20.092 ms - 153[0m
[0mGET /js/home_post_comments.js [33m404[0m 24.372 ms - 163[0m
[0mGET /css/footer.css [33m404[0m 31.486 ms - 153[0m
[0mGET /css/home.css [33m404[0m 31.580 ms - 151[0m
[0mGET /js/toggle_likes.js [33m404[0m 8.663 ms - 157[0m
[0mGET /js/home_posts.js [33m404[0m 44.609 ms - 155[0m
[0mGET /js/chat_engine.js [33m404[0m 13.713 ms - 156[0m
[0mGET /users/profile/636a3d513cf7a73b65168bbf [36m302[0m 4.757 ms - 72[0m
[0mGET /users/sign-in [36m304[0m 7.186 ms - -[0m
[0mGET /css/layout.css [33m404[0m 5.271 ms - 153[0m
[0mGET /css/header.css [33m404[0m 11.256 ms - 153[0m
[0mGET /css/footer.css [33m404[0m 11.102 ms - 153[0m
[0mGET /users/sign-in [36m304[0m 6.142 ms - -[0m
[0mGET /css/layout.css [33m404[0m 15.153 ms - 153[0m
[0mGET /css/header.css [33m404[0m 14.774 ms - 153[0m
[0mGET /css/footer.css [33m404[0m 17.127 ms - 153[0m
[0mGET /users/sign-up [36m304[0m 9.280 ms - -[0m
[0mGET /css/layout.css [33m404[0m 12.743 ms - 153[0m
[0mGET /css/header.css [33m404[0m 14.429 ms - 153[0m
[0mGET /css/footer.css [33m404[0m 14.944 ms - 153[0m
[0mGET /css/layout.css [33m404[0m 5.849 ms - 153[0m
[0mGET /css/header.css [33m404[0m 10.687 ms - 153[0m
[0mGET /css/footer.css [33m404[0m 11.061 ms - 153[0m
[0mPOST /users/create [36m302[0m 33.205 ms - 72[0m
[0mGET /users/sign-in [36m304[0m 8.039 ms - -[0m
[0mGET /css/layout.css [33m404[0m 11.678 ms - 153[0m
[0mGET /css/header.css [33m404[0m 11.422 ms - 153[0m
[0mGET /css/footer.css [33m404[0m 12.325 ms - 153[0m
[0mPOST /users/create-session [36m302[0m 15.216 ms - 46[0m
[0mGET / [32m200[0m 65.356 ms - 9700[0m
[0mGET /css/layout.css [33m404[0m 12.527 ms - 153[0m
[0mGET /js/home_post_comments.js [33m404[0m 32.462 ms - 163[0m
[0mGET /css/home.css [33m404[0m 46.560 ms - 151[0m
[0mGET /js/home_posts.js [33m404[0m 51.859 ms - 155[0m
[0mGET /css/header.css [33m404[0m 56.290 ms - 153[0m
[0mGET /js/toggle_likes.js [33m404[0m 47.783 ms - 157[0m
[0mGET /css/footer.css [33m404[0m 86.836 ms - 153[0m
[0mGET /js/chat_engine.js [33m404[0m 24.643 ms - 156[0m
[0mGET / [32m200[0m 64.935 ms - 9205[0m
[0mGET /css/layout.css [33m404[0m 48.103 ms - 153[0m
[0mGET /js/home_post_comments.js [33m404[0m 43.846 ms - 163[0m
[0mGET /js/home_posts.js [33m404[0m 49.438 ms - 155[0m
[0mGET /css/footer.css [33m404[0m 55.928 ms - 153[0m
[0mGET /css/header.css [33m404[0m 89.631 ms - 153[0m
[0mGET /css/home.css [33m404[0m 83.796 ms - 151[0m
[0mGET /js/toggle_likes.js [33m404[0m 29.418 ms - 157[0m
[0mGET /js/chat_engine.js [33m404[0m 19.631 ms - 156[0m
[0mGET / [32m200[0m 66.426 ms - 10225[0m
[0mGET /css/header.css [33m404[0m 30.975 ms - 153[0m
[0mGET /css/footer.css [33m404[0m 26.855 ms - 153[0m
[0mGET /js/home_post_comments.js [33m404[0m 27.341 ms - 163[0m
[0mGET /css/home.css [33m404[0m 52.132 ms - 151[0m
[0mGET /css/layout.css [33m404[0m 52.869 ms - 153[0m
[0mGET /js/home_posts.js [33m404[0m 54.760 ms - 155[0m
[0mGET /js/toggle_likes.js [33m404[0m 14.734 ms - 157[0m
[0mGET /js/chat_engine.js [33m404[0m 19.399 ms - 156[0m
[0mGET /css/layout.css [33m404[0m 39.823 ms - 153[0m
[0mGET /css/header.css [33m404[0m 40.636 ms - 153[0m
[0mGET /css/home.css [33m404[0m 33.872 ms - 151[0m
[0mGET /css/footer.css [33m404[0m 34.767 ms - 153[0m
[0mGET /js/home_post_comments.js [33m404[0m 38.396 ms - 163[0m
[0mGET /js/home_posts.js [33m404[0m 39.106 ms - 155[0m
[0mGET /js/toggle_likes.js [33m404[0m 11.434 ms - 157[0m
[0mGET /css/layout.css [33m404[0m 25.946 ms - 153[0m
[0mGET /css/header.css [33m404[0m 26.513 ms - 153[0m
[0mGET /css/footer.css [33m404[0m 26.791 ms - 153[0m
[0mGET /css/home.css [33m404[0m 26.770 ms - 151[0m
[0mPOST /comments/create [36m302[0m 58.531 ms - 46[0m
[0mGET / [32m200[0m 45.468 ms - 11738[0m
[0mGET /css/layout.css [33m404[0m 15.589 ms - 153[0m
[0mGET /css/header.css [33m404[0m 31.441 ms - 153[0m
[0mGET /css/footer.css [33m404[0m 21.033 ms - 153[0m
[0mGET /css/home.css [33m404[0m 8.428 ms - 151[0m
[0mGET /js/home_post_comments.js [33m404[0m 15.953 ms - 163[0m
[0mGET /js/home_posts.js [33m404[0m 16.512 ms - 155[0m
[0mGET /js/toggle_likes.js [33m404[0m 9.154 ms - 157[0m
[0mGET /js/chat_engine.js [33m404[0m 12.918 ms - 156[0m
[0mGET / [32m200[0m 226.550 ms - 11251[0m
[0mGET /js/home_post_comments.js [33m404[0m 39.739 ms - 163[0m
[0mGET /css/home.css [33m404[0m 44.055 ms - 151[0m
[0mGET /css/layout.css [33m404[0m 40.393 ms - 153[0m
[0mGET /js/home_posts.js [33m404[0m 64.653 ms - 155[0m
[0mGET /css/header.css [33m404[0m 86.849 ms - 153[0m
[0mGET /css/footer.css [33m404[0m 88.236 ms - 153[0m
[0mGET /js/toggle_likes.js [33m404[0m 25.825 ms - 157[0m
[0mGET /js/chat_engine.js [33m404[0m 15.883 ms - 156[0m
[0mGET / [36m304[0m 71.873 ms - -[0m
[0mGET /css/layout.css [33m404[0m 109.825 ms - 153[0m
[0mGET /css/header.css [33m404[0m 110.063 ms - 153[0m
[0mGET /css/footer.css [33m404[0m 101.118 ms - 153[0m
[0mGET /css/home.css [33m404[0m 101.746 ms - 151[0m
[0mGET /js/home_posts.js [33m404[0m 107.419 ms - 155[0m
[0mGET /js/home_post_comments.js [33m404[0m 136.832 ms - 163[0m
[0mGET /js/toggle_likes.js [33m404[0m 32.305 ms - 157[0m
[0mGET /js/chat_engine.js [33m404[0m 33.465 ms - 156[0m
[0mGET / [36m304[0m 60.763 ms - -[0m
[0mGET /css/layout.css [33m404[0m 51.959 ms - 153[0m
[0mGET /css/header.css [33m404[0m 54.464 ms - 153[0m
[0mGET /css/footer.css [33m404[0m 55.050 ms - 153[0m
[0mGET /css/home.css [33m404[0m 59.884 ms - 151[0m
[0mGET /js/home_post_comments.js [33m404[0m 87.569 ms - 163[0m
[0mGET /js/home_posts.js [33m404[0m 88.091 ms - 155[0m
[0mGET /js/toggle_likes.js [33m404[0m 34.127 ms - 157[0m
[0mGET /js/chat_engine.js [33m404[0m 35.167 ms - 156[0m
[0mPOST /comments/create [32m200[0m 86.981 ms - 266[0m
[0mGET / [32m200[0m 80.039 ms - 11766[0m
[0mGET /css/layout.css [33m404[0m 43.600 ms - 153[0m
[0mGET /js/home_post_comments.js [33m404[0m 61.069 ms - 163[0m
[0mGET /css/home.css [33m404[0m 67.031 ms - 151[0m
[0mGET /js/home_posts.js [33m404[0m 71.119 ms - 155[0m
[0mGET /css/header.css [33m404[0m 106.554 ms - 153[0m
[0mGET /css/footer.css [33m404[0m 112.114 ms - 153[0m
[0mGET /js/toggle_likes.js [33m404[0m 32.557 ms - 157[0m
[0mGET /js/chat_engine.js [33m404[0m 35.331 ms - 156[0m
[0mGET /css/layout.css [33m404[0m 20.874 ms - 153[0m
[0mGET /css/footer.css [33m404[0m 36.722 ms - 153[0m
[0mGET /js/home_post_comments.js [33m404[0m 36.024 ms - 163[0m
[0mGET /css/home.css [33m404[0m 43.640 ms - 151[0m
[0mGET /js/home_posts.js [33m404[0m 33.661 ms - 155[0m
[0mGET /users/sign-out [36m302[0m 28.490 ms - 72[0m
[0mGET /users/sign-in [32m200[0m 9.787 ms - 2744[0m
[0mGET /css/layout.css [33m404[0m 16.254 ms - 153[0m
[0mGET /css/header.css [33m404[0m 16.541 ms - 153[0m
[0mGET /css/footer.css [33m404[0m 17.508 ms - 153[0m
[0mGET /users/sign-in [32m200[0m 10.765 ms - 2247[0m
[0mGET /css/layout.css [33m404[0m 13.538 ms - 153[0m
[0mGET /css/header.css [33m404[0m 15.699 ms - 153[0m
[0mGET /css/footer.css [33m404[0m 17.687 ms - 153[0m
[0mGET /users/sign-up [36m304[0m 13.960 ms - -[0m
[0mGET /css/layout.css [33m404[0m 12.691 ms - 153[0m
[0mGET /css/header.css [33m404[0m 18.767 ms - 153[0m
[0mGET /css/footer.css [33m404[0m 15.947 ms - 153[0m
[0mGET /css/layout.css [33m404[0m 5.939 ms - 153[0m
[0mPOST /users/create [36m302[0m 9.707 ms - 114[0m
[0mGET /users/sign-up [36m304[0m 11.506 ms - -[0m
[0mGET /css/layout.css [33m404[0m 11.259 ms - 153[0m
[0mGET /css/header.css [33m404[0m 11.407 ms - 153[0m
[0mGET /css/footer.css [33m404[0m 15.600 ms - 153[0m
[0mGET /users/sign-in [36m304[0m 8.832 ms - -[0m
[0mGET /css/layout.css [33m404[0m 7.605 ms - 153[0m
[0mGET /css/footer.css [33m404[0m 9.279 ms - 153[0m
[0mGET /css/header.css [33m404[0m 15.134 ms - 153[0m
[0mGET /users/sign-in [36m304[0m 11.182 ms - -[0m
[0mGET /css/layout.css [33m404[0m 14.773 ms - 153[0m
[0mGET /css/header.css [33m404[0m 19.058 ms - 153[0m
[0mGET /css/footer.css [33m404[0m 15.690 ms - 153[0m
[0mGET /users/sign-in [36m304[0m 10.898 ms - -[0m
[0mGET /css/layout.css [33m404[0m 15.785 ms - 153[0m
[0mGET /css/header.css [33m404[0m 21.428 ms - 153[0m
[0mGET /css/footer.css [33m404[0m 19.217 ms - 153[0m
[0mGET /users/sign-up [36m304[0m 7.710 ms - -[0m
[0mGET /css/layout.css [33m404[0m 8.153 ms - 153[0m
[0mGET /css/header.css [33m404[0m 10.416 ms - 153[0m
[0mGET /css/footer.css [33m404[0m 11.973 ms - 153[0m
[0mGET /users/sign-in [36m304[0m 11.861 ms - -[0m
[0mGET /css/layout.css [33m404[0m 9.216 ms - 153[0m
[0mGET /css/header.css [33m404[0m 9.400 ms - 153[0m
[0mGET /css/footer.css [33m404[0m 7.430 ms - 153[0m
[0mPOST /users/create-session [36m302[0m 10.747 ms - 72[0m
[0mGET /users/sign-in [36m304[0m 10.486 ms - -[0m
[0mGET /css/layout.css [33m404[0m 17.459 ms - 153[0m
[0mGET /css/header.css [33m404[0m 19.556 ms - 153[0m
[0mGET /css/footer.css [33m404[0m 31.463 ms - 153[0m
[0mPOST /users/create-session [36m302[0m 8.111 ms - 72[0m
[0mGET /users/sign-in [36m304[0m 7.194 ms - -[0m
[0mGET /css/footer.css [33m404[0m 15.005 ms - 153[0m
[0mGET /css/layout.css [33m404[0m 19.469 ms - 153[0m
[0mGET /css/header.css [33m404[0m 23.497 ms - 153[0m
[0mPOST /users/create-session [36m302[0m 9.862 ms - 72[0m
[0mGET /users/sign-in [36m304[0m 6.901 ms - -[0m
[0mGET /css/layout.css [33m404[0m 5.782 ms - 153[0m
[0mGET /css/header.css [33m404[0m 15.928 ms - 153[0m
[0mGET /css/footer.css [33m404[0m 13.772 ms - 153[0m
[0mGET /users/auth/google [36m302[0m 7.792 ms - 0[0m
[0mGET /users/sign-in [36m304[0m 9.974 ms - -[0m
[0mGET /css/layout.css [33m404[0m 10.154 ms - 153[0m
[0mGET /css/header.css [33m404[0m 15.829 ms - 153[0m
[0mGET /css/footer.css [33m404[0m 13.214 ms - 153[0m
[0mGET /users/sign-up [36m304[0m 7.973 ms - -[0m
[0mGET /css/layout.css [33m404[0m 6.246 ms - 153[0m
[0mGET /css/header.css [33m404[0m 9.994 ms - 153[0m
[0mGET /css/footer.css [33m404[0m 12.535 ms - 153[0m
[0mPOST /users/create [36m302[0m 9.686 ms - 114[0m
[0mGET /users/sign-up [36m304[0m 6.462 ms - -[0m
[0mGET /css/layout.css [33m404[0m 14.224 ms - 153[0m
[0mGET /css/header.css [33m404[0m 16.526 ms - 153[0m
[0mGET /css/footer.css [33m404[0m 17.887 ms - 153[0m
[0mGET /users/sign-up [36m304[0m 9.819 ms - -[0m
[0mGET /css/layout.css [33m404[0m 17.053 ms - 153[0m
[0mGET /css/header.css [33m404[0m 15.094 ms - 153[0m
[0mGET /css/footer.css [33m404[0m 14.438 ms - 153[0m
[0mPOST /users/create [36m302[0m 33.642 ms - 72[0m
[0mGET /users/sign-in [36m304[0m 9.396 ms - -[0m
[0mGET /css/layout.css [33m404[0m 9.827 ms - 153[0m
[0mGET /css/header.css [33m404[0m 10.907 ms - 153[0m
[0mGET /css/footer.css [33m404[0m 10.001 ms - 153[0m
[0mPOST /users/create-session [36m302[0m 19.414 ms - 46[0m
[0mGET / [32m200[0m 70.385 ms - 12437[0m
[0mGET /css/layout.css [33m404[0m 29.317 ms - 153[0m
[0mGET /css/header.css [33m404[0m 61.833 ms - 153[0m
[0mGET /css/footer.css [33m404[0m 49.571 ms - 153[0m
[0mGET /css/home.css [33m404[0m 50.089 ms - 151[0m
[0mGET /js/home_post_comments.js [33m404[0m 53.222 ms - 163[0m
[0mGET /js/home_posts.js [33m404[0m 52.727 ms - 155[0m
[0mGET /js/toggle_likes.js [33m404[0m 22.372 ms - 157[0m
[0mGET /js/chat_engine.js [33m404[0m 25.022 ms - 156[0m
[0mPOST /comments/create [32m200[0m 57.347 ms - 262[0m
[0mGET / [32m200[0m 107.379 ms - 12453[0m
[0mGET /css/layout.css [33m404[0m 55.344 ms - 153[0m
[0mGET /css/header.css [33m404[0m 64.311 ms - 153[0m
[0mGET /css/home.css [33m404[0m 52.301 ms - 151[0m
[0mGET /css/footer.css [33m404[0m 105.183 ms - 153[0m
[0mGET /js/home_posts.js [33m404[0m 67.164 ms - 155[0m
[0mGET /js/home_post_comments.js [33m404[0m 115.500 ms - 163[0m
[0mGET /js/toggle_likes.js [33m404[0m 50.039 ms - 157[0m
[0mGET /js/chat_engine.js [33m404[0m 35.490 ms - 156[0m
[0mGET / [36m304[0m 77.656 ms - -[0m
[0mGET /css/layout.css [33m404[0m 74.571 ms - 153[0m
[0mGET /css/header.css [33m404[0m 77.246 ms - 153[0m
[0mGET /css/footer.css [33m404[0m 78.209 ms - 153[0m
[0mGET /css/home.css [33m404[0m 77.428 ms - 151[0m
[0mGET /js/home_post_comments.js [33m404[0m 120.997 ms - 163[0m
[0mGET /js/home_posts.js [33m404[0m 131.621 ms - 155[0m
[0mGET /js/toggle_likes.js [33m404[0m 42.592 ms - 157[0m
[0mGET /js/chat_engine.js [33m404[0m 39.971 ms - 156[0m
[0mGET / [36m304[0m 71.493 ms - -[0m
[0mGET /css/layout.css [33m404[0m 79.297 ms - 153[0m
[0mGET /css/header.css [33m404[0m 86.099 ms - 153[0m
[0mGET /css/home.css [33m404[0m 75.867 ms - 151[0m
[0mGET /css/footer.css [33m404[0m 106.733 ms - 153[0m
[0mGET /js/home_post_comments.js [33m404[0m 118.959 ms - 163[0m
[0mGET /js/home_posts.js [33m404[0m 119.140 ms - 155[0m
[0mGET /js/chat_engine.js [33m404[0m 21.545 ms - 156[0m
[0mGET /js/toggle_likes.js [33m404[0m 24.641 ms - 157[0m
[0mPOST /comments/create [36m302[0m 92.380 ms - 88[0m
[0mGET / [32m200[0m 67.958 ms - 12964[0m
[0mGET /js/home_post_comments.js [33m404[0m 60.128 ms - 163[0m
[0mGET /css/layout.css [33m404[0m 86.271 ms - 153[0m
[0mGET /css/header.css [33m404[0m 86.764 ms - 153[0m
[0mGET /css/footer.css [33m404[0m 74.173 ms - 153[0m
[0mGET /js/home_posts.js [33m404[0m 81.511 ms - 155[0m
[0mGET /css/home.css [33m404[0m 96.001 ms - 151[0m
[0mGET /js/toggle_likes.js [33m404[0m 70.208 ms - 157[0m
[0mGET /js/chat_engine.js [33m404[0m 79.106 ms - 156[0m
[0mGET / [32m200[0m 314.573 ms - 12964[0m
[0mGET /css/layout.css [33m404[0m 10.308 ms - 153[0m
[0mGET /css/header.css [33m404[0m 8.518 ms - 153[0m
[0mGET /css/footer.css [33m404[0m 11.359 ms - 153[0m
[0mGET /css/home.css [33m404[0m 11.922 ms - 151[0m
[0mGET /js/home_post_comments.js [33m404[0m 5.176 ms - 163[0m
[0mGET /js/home_posts.js [33m404[0m 6.164 ms - 155[0m
[0mGET /js/toggle_likes.js [33m404[0m 7.726 ms - 157[0m
[0mGET /js/chat_engine.js [33m404[0m 5.433 ms - 156[0m
[0mGET /css/layout.css [33m404[0m 7.966 ms - 153[0m
[0mGET /css/header.css [33m404[0m 18.308 ms - 153[0m
[0mGET /css/footer.css [33m404[0m 11.766 ms - 153[0m
[0mGET /css/home.css [33m404[0m 12.154 ms - 151[0m
[0mGET /favicon.ico [33m404[0m 5.930 ms - 150[0m
[0mGET /users/sign-out [36m302[0m 16.260 ms - 72[0m
[0mGET /users/sign-in [32m200[0m 7.441 ms - 2247[0m
[0mGET /css/layout.css [33m404[0m 9.360 ms - 153[0m
[0mGET /css/footer.css [33m404[0m 7.901 ms - 153[0m
[0mGET /css/header.css [33m404[0m 9.473 ms - 153[0m
[0mGET /css/layout.css [33m404[0m 7.247 ms - 153[0m
[0mGET /css/header.css [33m404[0m 7.883 ms - 153[0m
[0mGET /css/footer.css [33m404[0m 8.510 ms - 153[0m
[0mPOST /users/create-session [36m302[0m 8.305 ms - 46[0m
[0mGET / [32m200[0m 45.168 ms - 13465[0m
[0mGET /css/layout.css [33m404[0m 19.079 ms - 153[0m
[0mGET /css/header.css [33m404[0m 21.377 ms - 153[0m
[0mGET /js/home_post_comments.js [33m404[0m 27.698 ms - 163[0m
[0mGET /css/home.css [33m404[0m 29.579 ms - 151[0m
[0mGET /css/footer.css [33m404[0m 29.917 ms - 153[0m
[0mGET /js/home_posts.js [33m404[0m 38.685 ms - 155[0m
[0mGET /js/chat_engine.js [33m404[0m 15.746 ms - 156[0m
[0mGET /js/toggle_likes.js [33m404[0m 28.471 ms - 157[0m
[0mPOST /comments/create [36m302[0m 47.123 ms - 88[0m
[0mGET / [32m200[0m 32.462 ms - 13480[0m
[0mGET /css/layout.css [33m404[0m 24.812 ms - 153[0m
[0mGET /css/header.css [33m404[0m 24.858 ms - 153[0m
[0mGET /js/home_post_comments.js [33m404[0m 22.995 ms - 163[0m
[0mGET /css/footer.css [33m404[0m 38.036 ms - 153[0m
[0mGET /css/home.css [33m404[0m 37.120 ms - 151[0m
[0mGET /js/chat_engine.js [33m404[0m 34.729 ms - 156[0m
[0mGET /js/home_posts.js [33m404[0m 21.813 ms - 155[0m
[0mGET /js/toggle_likes.js [33m404[0m 21.950 ms - 157[0m
[0mGET / [36m304[0m 60.930 ms - -[0m
[0mGET /css/layout.css [33m404[0m 23.877 ms - 153[0m
[0mGET /css/footer.css [33m404[0m 56.413 ms - 153[0m
[0mGET /css/home.css [33m404[0m 46.923 ms - 151[0m
[0mGET /js/home_posts.js [33m404[0m 49.538 ms - 155[0m
[0mGET /css/header.css [33m404[0m 81.587 ms - 153[0m
[0mGET /js/home_post_comments.js [33m404[0m 85.658 ms - 163[0m
[0mGET /js/toggle_likes.js [33m404[0m 32.527 ms - 157[0m
[0mGET /js/chat_engine.js [33m404[0m 23.636 ms - 156[0m
[0mPOST /comments/create [36m302[0m 52.871 ms - 88[0m
[0mGET / [32m200[0m 43.812 ms - 14490[0m
[0mGET /js/home_posts.js [33m404[0m 26.089 ms - 155[0m
[0mGET /css/header.css [33m404[0m 35.758 ms - 153[0m
[0mGET /css/layout.css [33m404[0m 35.100 ms - 153[0m
[0mGET /css/footer.css [33m404[0m 39.575 ms - 153[0m
[0mGET /css/home.css [33m404[0m 37.573 ms - 151[0m
[0mGET /js/home_post_comments.js [33m404[0m 63.773 ms - 163[0m
[0mGET /js/toggle_likes.js [33m404[0m 28.924 ms - 157[0m
[0mGET /js/chat_engine.js [33m404[0m 33.478 ms - 156[0m
[0mGET / [32m200[0m 63.775 ms - 13915[0m
[0mGET /css/layout.css [33m404[0m 33.192 ms - 153[0m
[0mGET /js/home_post_comments.js [33m404[0m 32.123 ms - 163[0m
[0mGET /js/home_posts.js [33m404[0m 39.699 ms - 155[0m
[0mGET /css/footer.css [33m404[0m 44.693 ms - 153[0m
[0mGET /css/header.css [33m404[0m 63.766 ms - 153[0m
[0mGET /css/home.css [33m404[0m 64.048 ms - 151[0m
[0mGET /js/toggle_likes.js [33m404[0m 33.432 ms - 157[0m
[0mGET /js/chat_engine.js [33m404[0m 33.140 ms - 156[0m
[0mGET /css/footer.css [33m404[0m 38.050 ms - 153[0m
[0mGET /css/home.css [33m404[0m 29.151 ms - 151[0m
[0mGET /css/layout.css [33m404[0m 33.147 ms - 153[0m
[0mGET /css/header.css [33m404[0m 31.857 ms - 153[0m
[0mGET / [36m304[0m 46.912 ms - -[0m
[0mGET /js/home_post_comments.js [33m404[0m 25.335 ms - 163[0m
[0mGET /css/layout.css [33m404[0m 36.456 ms - 153[0m
[0mGET /css/footer.css [33m404[0m 35.666 ms - 153[0m
[0mGET /css/header.css [33m404[0m 31.883 ms - 153[0m
[0mGET /css/home.css [33m404[0m 32.272 ms - 151[0m
[0mGET /js/home_posts.js [33m404[0m 46.175 ms - 155[0m
[0mGET /js/toggle_likes.js [33m404[0m 14.500 ms - 157[0m
[0mGET /js/chat_engine.js [33m404[0m 18.047 ms - 156[0m
[0mGET / [31m500[0m 47.276 ms - 1729[0m
[0mGET / [31m500[0m 48.537 ms - 1729[0m
[0mGET / [32m200[0m 39.523 ms - 13998[0m
[0mGET /css/chat_box.css [33m404[0m 31.797 ms - 155[0m
[0mGET /css/layout.css [33m404[0m 24.771 ms - 153[0m
[0mGET /css/footer.css [33m404[0m 43.719 ms - 153[0m
[0mGET /css/home.css [33m404[0m 45.368 ms - 151[0m
[0mGET /js/toggle_likes.js [33m404[0m 59.890 ms - 157[0m
[0mGET /css/header.css [33m404[0m 67.204 ms - 153[0m
[0mGET /js/home_posts.js [33m404[0m 16.606 ms - 155[0m
[0mGET /css/chat_box.css [33m404[0m 21.714 ms - 155[0m
[0mGET /js/chat_engine.js [33m404[0m 35.743 ms - 156[0m
[0mGET /js/home_post_comments.js [33m404[0m 39.911 ms - 163[0m
[0mGET / [36m304[0m 68.741 ms - -[0m
[0mGET /css/header.css [33m404[0m 28.078 ms - 153[0m
[0mGET /js/home_posts.js [33m404[0m 28.694 ms - 155[0m
[0mGET /css/footer.css [33m404[0m 37.201 ms - 153[0m
[0mGET /css/layout.css [33m404[0m 35.863 ms - 153[0m
[0mGET /css/home.css [33m404[0m 36.625 ms - 151[0m
[0mGET /css/chat_box.css [33m404[0m 49.549 ms - 155[0m
[0mGET /js/toggle_likes.js [33m404[0m 19.771 ms - 157[0m
[0mGET /js/chat_engine.js [33m404[0m 19.643 ms - 156[0m
[0mGET /js/home_post_comments.js [33m404[0m 18.960 ms - 163[0m
[0mGET /css/header.css [33m404[0m 21.793 ms - 153[0m
[0mGET / [36m304[0m 56.012 ms - -[0m
[0mGET /css/layout.css [33m404[0m 32.561 ms - 153[0m
[0mGET /css/footer.css [33m404[0m 26.773 ms - 153[0m
[0mGET /js/home_post_comments.js [33m404[0m 37.389 ms - 163[0m
[0mGET /css/header.css [33m404[0m 38.943 ms - 153[0m
[0mGET /css/chat_box.css [33m404[0m 64.770 ms - 155[0m
[0mGET /css/home.css [33m404[0m 64.487 ms - 151[0m
[0mGET /js/home_posts.js [33m404[0m 22.082 ms - 155[0m
[0mGET /js/toggle_likes.js [33m404[0m 28.100 ms - 157[0m
[0mGET /js/chat_engine.js [33m404[0m 27.347 ms - 156[0m
[0mGET / [36m304[0m 32.899 ms - -[0m
[0mGET /css/layout.css [33m404[0m 15.722 ms - 153[0m
[0mGET /js/home_post_comments.js [33m404[0m 25.883 ms - 163[0m
[0mGET /css/header.css [33m404[0m 61.310 ms - 153[0m
[0mGET /css/footer.css [33m404[0m 56.385 ms - 153[0m
[0mGET /css/home.css [33m404[0m 57.378 ms - 151[0m
[0mGET /css/chat_box.css [33m404[0m 59.271 ms - 155[0m
[0mGET /js/home_posts.js [33m404[0m 21.378 ms - 155[0m
[0mGET /js/toggle_likes.js [33m404[0m 13.264 ms - 157[0m
[0mGET /js/chat_engine.js [33m404[0m 17.787 ms - 156[0m
[0mGET / [32m200[0m 95.771 ms - 14101[0m
[0mGET /css/header.css [33m404[0m 36.705 ms - 153[0m
[0mGET /css/layout.css [33m404[0m 47.990 ms - 153[0m
[0mGET /css/chat_box.css [33m404[0m 45.999 ms - 155[0m
[0mGET /css/footer.css [33m404[0m 62.741 ms - 153[0m
[0mGET /js/home_post_comments.js [33m404[0m 67.695 ms - 163[0m
[0mGET /css/home.css [33m404[0m 31.787 ms - 151[0m
[0mGET /js/home_posts.js [33m404[0m 17.594 ms - 155[0m
[0mGET /js/toggle_likes.js [33m404[0m 17.859 ms - 157[0m
[0mGET /js/chat_engine.js [33m404[0m 31.297 ms - 156[0m
[0mGET /css/layout.css [33m404[0m 26.014 ms - 153[0m
[0mGET /css/header.css [33m404[0m 25.662 ms - 153[0m
[0mGET /css/footer.css [33m404[0m 25.688 ms - 153[0m
[0mGET /css/home.css [33m404[0m 27.945 ms - 151[0m
[0mGET /css/chat_box.css [33m404[0m 29.913 ms - 155[0m
[0mGET /css/layout.css [33m404[0m 47.383 ms - 153[0m
[0mGET /css/header.css [33m404[0m 47.586 ms - 153[0m
[0mGET /css/footer.css [33m404[0m 48.428 ms - 153[0m
[0mGET /css/home.css [33m404[0m 54.166 ms - 151[0m
[0mGET /css/chat_box.css [33m404[0m 63.945 ms - 155[0m
[0mGET /likes/toggle/?id=636a93a60e2aad01f6d96349&type=Comment [33m404[0m 13.341 ms - 152[0m
[0mGET /likes/toggle/?id=636a931c308d35578422148d&type=Comment [33m404[0m 12.345 ms - 152[0m
[0mGET / [36m304[0m 58.427 ms - -[0m
[0mGET /js/home_posts.js [33m404[0m 26.744 ms - 155[0m
[0mGET /css/layout.css [33m404[0m 46.243 ms - 153[0m
[0mGET /css/home.css [33m404[0m 47.535 ms - 151[0m
[0mGET /css/chat_box.css [33m404[0m 68.701 ms - 155[0m
[0mGET /css/header.css [33m404[0m 89.871 ms - 153[0m
[0mGET /css/footer.css [33m404[0m 93.715 ms - 153[0m
[0mGET /js/home_post_comments.js [33m404[0m 45.711 ms - 163[0m
[0mGET /js/toggle_likes.js [33m404[0m 33.786 ms - 157[0m
[0mGET /css/layout.css [33m404[0m 27.831 ms - 153[0m
[0mGET /js/chat_engine.js [33m404[0m 57.219 ms - 156[0m
[0mGET /css/home.css [33m404[0m 28.798 ms - 151[0m
[0mGET / [36m304[0m 31.742 ms - -[0m
[0mGET /css/layout.css [33m404[0m 17.298 ms - 153[0m
[0mGET /css/header.css [33m404[0m 40.879 ms - 153[0m
[0mGET /css/footer.css [33m404[0m 41.137 ms - 153[0m
[0mGET /css/chat_box.css [33m404[0m 34.020 ms - 155[0m
[0mGET /js/home_post_comments.js [33m404[0m 38.305 ms - 163[0m
[0mGET /css/home.css [33m404[0m 44.820 ms - 151[0m
[0mGET /js/toggle_likes.js [33m404[0m 17.706 ms - 157[0m
[0mGET /js/home_posts.js [33m404[0m 14.384 ms - 155[0m
[0mGET /js/chat_engine.js [33m404[0m 19.541 ms - 156[0m
[0mGET / [36m304[0m 32.698 ms - -[0m
[0mGET /js/toggle_likes.js [33m404[0m 24.244 ms - 157[0m
[0mGET /css/layout.css [33m404[0m 31.909 ms - 153[0m
[0mGET /css/header.css [33m404[0m 34.106 ms - 153[0m
[0mGET /css/footer.css [33m404[0m 32.248 ms - 153[0m
[0mGET /css/home.css [33m404[0m 37.957 ms - 151[0m
[0mGET /css/chat_box.css [33m404[0m 43.353 ms - 155[0m
[0mGET /js/home_post_comments.js [33m404[0m 9.152 ms - 163[0m
[0mGET /js/home_posts.js [33m404[0m 50.901 ms - 155[0m
[0mGET /js/chat_engine.js [33m404[0m 54.268 ms - 156[0m
[0mGET / [36m304[0m 39.856 ms - -[0m
[0mGET /js/home_post_comments.js [33m404[0m 21.292 ms - 163[0m
[0mGET /css/layout.css [33m404[0m 34.289 ms - 153[0m
[0mGET /css/header.css [33m404[0m 30.705 ms - 153[0m
[0mGET /css/footer.css [33m404[0m 30.827 ms - 153[0m
[0mGET /css/home.css [33m404[0m 36.951 ms - 151[0m
[0mGET /css/chat_box.css [33m404[0m 39.134 ms - 155[0m
[0mGET /js/home_posts.js [33m404[0m 12.368 ms - 155[0m
[0mGET /js/toggle_likes.js [33m404[0m 14.054 ms - 157[0m
[0mGET /js/chat_engine.js [33m404[0m 16.569 ms - 156[0m
[0mGET /likes/toggle/?id=636e9d69a32ed3bbd5d69e87&type=Comment [33m404[0m 11.588 ms - 152[0m
[0mGET /css/layout.css [33m404[0m 50.139 ms - 153[0m
[0mGET /css/header.css [33m404[0m 50.485 ms - 153[0m
[0mGET /css/footer.css [33m404[0m 51.183 ms - 153[0m
[0mGET /css/home.css [33m404[0m 59.558 ms - 151[0m
[0mGET /css/chat_box.css [33m404[0m 47.707 ms - 155[0m
[0mGET / [32m200[0m 56.851 ms - 14197[0m
[0mGET /css/layout.css [33m404[0m 25.019 ms - 153[0m
[0mGET /css/footer.css [33m404[0m 36.428 ms - 153[0m
[0mGET /css/chat_box.css [33m404[0m 31.139 ms - 155[0m
[0mGET /css/header.css [33m404[0m 60.009 ms - 153[0m
[0mGET /css/home.css [33m404[0m 57.091 ms - 151[0m
[0mGET /css/layout.css [33m404[0m 29.536 ms - 153[0m
[0mGET /css/header.css [33m404[0m 29.568 ms - 153[0m
[0mGET /css/footer.css [33m404[0m 29.997 ms - 153[0m
[0mGET /css/home.css [33m404[0m 47.981 ms - 151[0m
[0mGET /css/chat_box.css [33m404[0m 48.760 ms - 155[0m
[0mGET / [36m304[0m 69.906 ms - -[0m
[0mGET /css/layout.css [33m404[0m 40.239 ms - 153[0m
[0mGET /css/header.css [33m404[0m 38.320 ms - 153[0m
[0mGET /css/footer.css [33m404[0m 39.124 ms - 153[0m
[0mGET /css/home.css [33m404[0m 51.027 ms - 151[0m
[0mGET /css/chat_box.css [33m404[0m 51.515 ms - 155[0m
[0mGET /likes/toggle/?id=636a93a60e2aad01f6d96349&type=Comment [33m404[0m 12.149 ms - 152[0m
[0mGET /css/layout.css [33m404[0m 42.253 ms - 153[0m
[0mGET /css/header.css [33m404[0m 42.924 ms - 153[0m
[0mGET /css/footer.css [33m404[0m 47.122 ms - 153[0m
[0mGET /css/home.css [33m404[0m 47.418 ms - 151[0m
[0mGET /css/chat_box.css [33m404[0m 57.709 ms - 155[0m
[0mGET / [36m304[0m 31.622 ms - -[0m
[0mGET /css/layout.css [33m404[0m 27.089 ms - 153[0m
[0mGET /css/header.css [33m404[0m 28.565 ms - 153[0m
[0mGET /css/footer.css [33m404[0m 26.239 ms - 153[0m
[0mGET /css/home.css [33m404[0m 33.916 ms - 151[0m
[0mGET /css/chat_box.css [33m404[0m 36.391 ms - 155[0m
[0mGET /css/layout.css [33m404[0m 23.372 ms - 153[0m
[0mGET /css/header.css [33m404[0m 23.445 ms - 153[0m
[0mGET /css/footer.css [33m404[0m 23.561 ms - 153[0m
[0mGET /css/home.css [33m404[0m 28.216 ms - 151[0m
[0mGET /css/chat_box.css [33m404[0m 31.584 ms - 155[0m
[0mPOST /posts/create [36m302[0m 42.686 ms - 88[0m
[0mGET / [32m200[0m 69.703 ms - 15652[0m
[0mGET /css/layout.css [33m404[0m 40.508 ms - 153[0m
[0mGET /css/header.css [33m404[0m 42.093 ms - 153[0m
[0mGET /css/footer.css [33m404[0m 37.483 ms - 153[0m
[0mGET /css/home.css [33m404[0m 48.448 ms - 151[0m
[0mGET /css/chat_box.css [33m404[0m 51.617 ms - 155[0m
[0mPOST /comments/create [36m302[0m 65.674 ms - 88[0m
[0mGET / [32m200[0m 59.553 ms - 16169[0m
[0mGET /css/layout.css [33m404[0m 46.414 ms - 153[0m
[0mGET /css/home.css [33m404[0m 42.964 ms - 151[0m
[0mGET /css/header.css [33m404[0m 42.770 ms - 153[0m
[0mGET /css/footer.css [33m404[0m 56.318 ms - 153[0m
[0mGET /css/chat_box.css [33m404[0m 57.202 ms - 155[0m
[0mGET /likes/toggle/?id=636fec4678e60e424398c609&type=Comment [33m404[0m 11.421 ms - 152[0m
[0mGET /css/layout.css [33m404[0m 14.206 ms - 153[0m
[0mGET /css/header.css [33m404[0m 20.709 ms - 153[0m
[0mGET /css/footer.css [33m404[0m 23.625 ms - 153[0m
[0mGET /css/home.css [33m404[0m 27.164 ms - 151[0m
[0mGET /css/chat_box.css [33m404[0m 23.086 ms - 155[0m
[0mGET / [32m200[0m 66.021 ms - 15837[0m
[0mGET /css/layout.css [33m404[0m 31.043 ms - 153[0m
[0mGET /css/footer.css [33m404[0m 25.020 ms - 153[0m
[0mGET /css/chat_box.css [33m404[0m 35.610 ms - 155[0m
[0mGET /css/header.css [33m404[0m 50.156 ms - 153[0m
[0mGET /css/home.css [33m404[0m 54.159 ms - 151[0m
[0mGET /css/layout.css [33m404[0m 30.420 ms - 153[0m
[0mGET /css/header.css [33m404[0m 30.680 ms - 153[0m
[0mGET /css/footer.css [33m404[0m 31.845 ms - 153[0m
[0mGET /css/home.css [33m404[0m 36.003 ms - 151[0m
[0mGET /css/chat_box.css [33m404[0m 36.082 ms - 155[0m
[0mGET / [36m304[0m 35.217 ms - -[0m
[0mGET /css/layout.css [33m404[0m 24.275 ms - 153[0m
[0mGET /css/header.css [33m404[0m 24.646 ms - 153[0m
[0mGET /css/footer.css [33m404[0m 25.427 ms - 153[0m
[0mGET /css/home.css [33m404[0m 35.572 ms - 151[0m
[0mGET /css/chat_box.css [33m404[0m 37.889 ms - 155[0m
[0mGET / [36m304[0m 63.326 ms - -[0m
[0mGET /css/layout.css [33m404[0m 33.177 ms - 153[0m
[0mGET /css/header.css [33m404[0m 33.152 ms - 153[0m
[0mGET /css/footer.css [33m404[0m 35.223 ms - 153[0m
[0mGET /css/home.css [33m404[0m 59.620 ms - 151[0m
[0mGET /css/chat_box.css [33m404[0m 60.646 ms - 155[0m
[0mGET / [32m200[0m 50.184 ms - 11189[0m
[0mGET /css/header.css [33m404[0m 20.022 ms - 153[0m
[0mGET /css/footer.css [33m404[0m 19.463 ms - 153[0m
[0mGET /css/layout.css [33m404[0m 16.781 ms - 153[0m
[0mGET /css/home.css [33m404[0m 32.645 ms - 151[0m
[0mGET /css/chat_box.css [33m404[0m 18.136 ms - 155[0m
[0mGET /css/layout.css [33m404[0m 21.823 ms - 153[0m
[0mGET /css/header.css [33m404[0m 32.170 ms - 153[0m
[0mGET /css/footer.css [33m404[0m 27.870 ms - 153[0m
[0mGET /css/home.css [33m404[0m 25.106 ms - 151[0m
[0mGET /css/chat_box.css [33m404[0m 27.372 ms - 155[0m
[0mGET / [36m304[0m 26.430 ms - -[0m
[0mGET /css/layout.css [33m404[0m 13.448 ms - 153[0m
[0mGET /css/header.css [33m404[0m 19.770 ms - 153[0m
[0mGET /css/footer.css [33m404[0m 21.599 ms - 153[0m
[0mGET /css/home.css [33m404[0m 21.744 ms - 151[0m
[0mGET /css/chat_box.css [33m404[0m 20.493 ms - 155[0m
[0mGET / [36m304[0m 56.723 ms - -[0m
[0mGET /css/header.css [33m404[0m 43.608 ms - 153[0m
[0mGET /css/footer.css [33m404[0m 47.407 ms - 153[0m
[0mGET /css/home.css [33m404[0m 48.914 ms - 151[0m
[0mGET /css/chat_box.css [33m404[0m 51.331 ms - 155[0m
[0mGET /css/layout.css [33m404[0m 14.607 ms - 153[0m
[0mGET / [36m304[0m 50.187 ms - -[0m
[0mGET /css/layout.css [33m404[0m 22.069 ms - 153[0m
[0mGET /css/header.css [33m404[0m 29.370 ms - 153[0m
[0mGET /css/footer.css [33m404[0m 27.555 ms - 153[0m
[0mGET /css/home.css [33m404[0m 28.723 ms - 151[0m
[0mGET /css/chat_box.css [33m404[0m 30.795 ms - 155[0m
[0mGET /css/layout.css [33m404[0m 31.787 ms - 153[0m
[0mGET /css/header.css [33m404[0m 31.627 ms - 153[0m
[0mGET /css/footer.css [33m404[0m 30.830 ms - 153[0m
[0mGET /css/home.css [33m404[0m 30.687 ms - 151[0m
[0mGET /css/chat_box.css [33m404[0m 31.700 ms - 155[0m
[0mGET / [36m304[0m 56.637 ms - -[0m
[0mGET /css/layout.css [33m404[0m 19.633 ms - 153[0m
[0mGET /css/home.css [33m404[0m 23.274 ms - 151[0m
[0mGET /css/header.css [33m404[0m 23.146 ms - 153[0m
[0mGET /css/footer.css [33m404[0m 22.487 ms - 153[0m
[0mGET /css/chat_box.css [33m404[0m 25.593 ms - 155[0m
[0mGET /users/sign-in [32m200[0m 8.962 ms - 2159[0m
[0mGET /css/layout.css [33m404[0m 4.778 ms - 153[0m
[0mGET /css/footer.css [33m404[0m 9.724 ms - 153[0m
[0mGET /css/header.css [33m404[0m 10.775 ms - 153[0m
[0mPOST /users/create-session [36m302[0m 27.490 ms - 46[0m
[0mGET / [32m200[0m 78.091 ms - 16173[0m
[0mGET /css/layout.css [33m404[0m 31.005 ms - 153[0m
[0mGET /css/chat_box.css [33m404[0m 54.572 ms - 155[0m
[0mGET /css/header.css [33m404[0m 55.339 ms - 153[0m
[0mGET /css/footer.css [33m404[0m 56.317 ms - 153[0m
[0mGET /css/home.css [33m404[0m 57.661 ms - 151[0m
[0mGET /likes/toggle/?id=636fec4678e60e424398c609&type=Comment [33m404[0m 12.463 ms - 152[0m
[0mGET / [32m200[0m 66.500 ms - 15837[0m
[0mGET /css/layout.css [33m404[0m 51.115 ms - 153[0m
[0mGET /css/header.css [33m404[0m 50.576 ms - 153[0m
[0mGET /css/footer.css [33m404[0m 52.120 ms - 153[0m
[0mGET /css/home.css [33m404[0m 63.424 ms - 151[0m
[0mGET /css/chat_box.css [33m404[0m 68.180 ms - 155[0m
[0mGET /css/layout.css [33m404[0m 34.392 ms - 153[0m
[0mGET /css/header.css [33m404[0m 85.294 ms - 153[0m
[0mGET /css/footer.css [33m404[0m 86.059 ms - 153[0m
[0mGET /css/home.css [33m404[0m 88.668 ms - 151[0m
[0mGET /css/chat_box.css [33m404[0m 82.609 ms - 155[0m
[0mGET / [32m200[0m 68.120 ms - 15813[0m
[0mGET /css/layout.css [33m404[0m 47.010 ms - 153[0m
[0mGET /css/footer.css [33m404[0m 47.058 ms - 153[0m
[0mGET /css/home.css [33m404[0m 53.220 ms - 151[0m
[0mGET /css/header.css [33m404[0m 77.081 ms - 153[0m
[0mGET /js/toggle_likes.js [33m404[0m 74.478 ms - 157[0m
[0mGET /css/chat_box.css [33m404[0m 77.532 ms - 155[0m
[0mGET /css/layout.css [33m404[0m 30.683 ms - 153[0m
[0mGET /css/header.css [33m404[0m 30.859 ms - 153[0m
[0mGET /css/footer.css [33m404[0m 28.214 ms - 153[0m
[0mGET /css/home.css [33m404[0m 33.874 ms - 151[0m
[0mGET /css/chat_box.css [33m404[0m 39.675 ms - 155[0m
[0mGET / [36m304[0m 32.819 ms - -[0m
[0mGET /css/layout.css [33m404[0m 23.078 ms - 153[0m
[0mGET /css/header.css [33m404[0m 23.681 ms - 153[0m
[0mGET /css/footer.css [33m404[0m 43.145 ms - 153[0m
[0mGET /css/home.css [33m404[0m 44.409 ms - 151[0m
[0mGET /css/chat_box.css [33m404[0m 33.413 ms - 155[0m
[0mGET /js/toggle_likes.js [33m404[0m 33.979 ms - 157[0m
[0mGET / [36m304[0m 63.972 ms - -[0m
[0mGET /css/layout.css [33m404[0m 48.376 ms - 153[0m
[0mGET /css/header.css [33m404[0m 48.703 ms - 153[0m
[0mGET /css/footer.css [33m404[0m 49.365 ms - 153[0m
[0mGET /css/home.css [33m404[0m 49.388 ms - 151[0m
[0mGET /css/chat_box.css [33m404[0m 71.480 ms - 155[0m
[0mGET /js/toggle_likes.js [33m404[0m 73.735 ms - 157[0m
[0mGET / [36m304[0m 72.079 ms - -[0m
[0mGET /css/layout.css [33m404[0m 30.997 ms - 153[0m
[0mGET /css/footer.css [33m404[0m 55.813 ms - 153[0m
[0mGET /css/header.css [33m404[0m 56.389 ms - 153[0m
[0mGET /css/home.css [33m404[0m 111.561 ms - 151[0m
[0mGET /css/chat_box.css [33m404[0m 112.909 ms - 155[0m
[0mGET /js/toggle_likes.js [33m404[0m 118.742 ms - 157[0m
[0mGET /css/footer.css [33m404[0m 29.608 ms - 153[0m
[0mGET /css/layout.css [33m404[0m 31.037 ms - 153[0m
[0mGET / [36m304[0m 71.467 ms - -[0m
[0mGET /css/layout.css [33m404[0m 65.369 ms - 153[0m
[0mGET /css/header.css [33m404[0m 59.760 ms - 153[0m
[0mGET /css/footer.css [33m404[0m 61.492 ms - 153[0m
[0mGET /css/home.css [33m404[0m 63.700 ms - 151[0m
[0mGET /css/chat_box.css [33m404[0m 73.039 ms - 155[0m
[0mGET /js/toggle_likes.js [33m404[0m 83.635 ms - 157[0m
[0mGET /likes/toggle/?id=636fec4678e60e424398c609&type=Comment [33m404[0m 10.243 ms - 152[0m
[0mGET /css/layout.css [33m404[0m 38.413 ms - 153[0m
[0mGET /css/home.css [33m404[0m 37.519 ms - 151[0m
[0mGET /css/chat_box.css [33m404[0m 38.404 ms - 155[0m
[0mGET /css/header.css [33m404[0m 49.693 ms - 153[0m
[0mGET /css/footer.css [33m404[0m 52.906 ms - 153[0m
[0mGET /js/toggle_likes.js [33m404[0m 7.256 ms - 157[0m
[0mGET /js/chat_engine.js [33m404[0m 4.108 ms - 156[0m
[0mGET /css/layout.css [32m200[0m 59.783 ms - -[0m
[0mGET /css/home.css [32m200[0m 64.811 ms - -[0m
[0mGET /css/chat_box.css [32m200[0m 40.102 ms - -[0m
[0mGET /css/header.css [32m200[0m 62.197 ms - -[0m
[0mGET /css/footer.css [32m200[0m 60.429 ms - -[0m
[0mGET / [32m200[0m 64.937 ms - 11141[0m
[0mGET /js/toggle_likes.js [33m404[0m 11.321 ms - 157[0m
[0mGET /css/layout.css [33m404[0m 20.455 ms - 153[0m
[0mGET /css/header.css [33m404[0m 21.370 ms - 153[0m
[0mGET /css/footer.css [33m404[0m 22.592 ms - 153[0m
[0mGET /js/chat_engine.js [33m404[0m 3.329 ms - 156[0m
[0mGET /css/home.css [33m404[0m 31.655 ms - 151[0m
[0mGET /css/chat_box.css [33m404[0m 32.800 ms - 155[0m
[0mGET /users/sign-in [36m304[0m 12.046 ms - -[0m
[0mGET /css/layout.css [33m404[0m 7.660 ms - 153[0m
[0mGET /css/header.css [33m404[0m 7.874 ms - 153[0m
[0mGET /css/footer.css [33m404[0m 8.960 ms - 153[0m
[0mGET / [36m304[0m 59.730 ms - -[0m
[0mGET /css/layout.css [33m404[0m 3.290 ms - 153[0m
[0mGET /js/chat_engine.js [33m404[0m 8.061 ms - 156[0m
[0mGET /js/toggle_likes.js [33m404[0m 6.874 ms - 157[0m
[0mGET /css/header.css [33m404[0m 15.208 ms - 153[0m
[0mGET /css/footer.css [33m404[0m 11.976 ms - 153[0m
[0mGET /css/chat_box.css [33m404[0m 11.458 ms - 155[0m
[0mGET /css/home.css [33m404[0m 12.803 ms - 151[0m
[0mGET / [36m304[0m 33.092 ms - -[0m
[0mGET /js/toggle_likes.js [33m404[0m 10.550 ms - 157[0m
[0mGET /css/header.css [33m404[0m 22.197 ms - 153[0m
[0mGET /css/footer.css [33m404[0m 20.717 ms - 153[0m
[0mGET /css/chat_box.css [33m404[0m 21.685 ms - 155[0m
[0mGET /css/layout.css [33m404[0m 21.520 ms - 153[0m
[0mGET /css/home.css [33m404[0m 21.915 ms - 151[0m
[0mGET /js/chat_engine.js [33m404[0m 2.863 ms - 156[0m
[0mGET / [36m304[0m 37.466 ms - -[0m
[0mGET /js/toggle_likes.js [33m404[0m 6.864 ms - 157[0m
[0mGET /css/layout.css [33m404[0m 17.649 ms - 153[0m
[0mGET /css/header.css [33m404[0m 19.893 ms - 153[0m
[0mGET /css/chat_box.css [33m404[0m 18.115 ms - 155[0m
[0mGET /css/footer.css [33m404[0m 18.206 ms - 153[0m
[0mGET /css/home.css [33m404[0m 18.766 ms - 151[0m
[0mGET /js/chat_engine.js [33m404[0m 2.496 ms - 156[0m
[0mGET /users/sign-in [36m304[0m 8.844 ms - -[0m
[0mGET /css/layout.css [33m404[0m 8.950 ms - 153[0m
[0mGET /css/footer.css [33m404[0m 6.278 ms - 153[0m
[0mGET /css/header.css [33m404[0m 9.648 ms - 153[0m
[0mPOST /users/create-session [36m302[0m 5.691 ms - 72[0m
[0mGET /users/sign-in [36m304[0m 3.771 ms - -[0m
[0mGET /css/layout.css [33m404[0m 3.802 ms - 153[0m
[0mGET /css/header.css [33m404[0m 5.537 ms - 153[0m
[0mGET /css/footer.css [33m404[0m 5.411 ms - 153[0m
[0mPOST /users/create-session [36m302[0m 5.475 ms - 72[0m
[0mGET /users/sign-in [36m304[0m 3.684 ms - -[0m
[0mGET /css/layout.css [33m404[0m 5.658 ms - 153[0m
[0mGET /css/header.css [33m404[0m 12.017 ms - 153[0m
[0mGET /css/footer.css [33m404[0m 8.262 ms - 153[0m
[0mPOST /users/create-session [36m302[0m 10.173 ms - 46[0m
[0mGET / [32m200[0m 49.807 ms - 16125[0m
[0mGET /js/toggle_likes.js [33m404[0m 26.313 ms - 157[0m
[0mGET /css/layout.css [33m404[0m 39.907 ms - 153[0m
[0mGET /css/header.css [33m404[0m 37.157 ms - 153[0m
[0mGET /css/footer.css [33m404[0m 33.228 ms - 153[0m
[0mGET /css/chat_box.css [33m404[0m 33.339 ms - 155[0m
[0mGET /css/home.css [33m404[0m 35.060 ms - 151[0m
[0mGET /js/chat_engine.js [33m404[0m 7.451 ms - 156[0m
[0mPOST /posts/create [36m302[0m 26.356 ms - 88[0m
[0mGET / [32m200[0m 52.864 ms - 17244[0m
[0mGET /js/toggle_likes.js [33m404[0m 31.733 ms - 157[0m
[0mGET /css/layout.css [33m404[0m 42.492 ms - 153[0m
[0mGET /css/header.css [33m404[0m 45.747 ms - 153[0m
[0mGET /css/home.css [33m404[0m 37.098 ms - 151[0m
[0mGET /css/footer.css [33m404[0m 40.469 ms - 153[0m
[0mGET /css/chat_box.css [33m404[0m 41.497 ms - 155[0m
[0mGET /js/chat_engine.js [33m404[0m 17.084 ms - 156[0m
[0mGET /likes/toggle/?id=6370cbeb56b6bfa5aca012ad&type=Post [33m404[0m 5.131 ms - 152[0m
[0mGET /likes/toggle/?id=6370cbeb56b6bfa5aca012ad&type=Post [33m404[0m 6.711 ms - 152[0m
[0mGET / [32m200[0m 63.576 ms - 16915[0m
[0mGET /js/toggle_likes.js [33m404[0m 38.020 ms - 157[0m
[0mGET /css/home.css [32m200[0m 66.826 ms - -[0m
[0mGET /css/chat_box.css [32m200[0m 70.869 ms - -[0m
[0mGET /css/layout.css [32m200[0m 82.953 ms - -[0m
[0mGET /js/chat_engine.js [33m404[0m 19.218 ms - 156[0m
[0mGET /css/header.css [32m200[0m 83.824 ms - -[0m
[0mGET /css/footer.css [32m200[0m 84.539 ms - -[0m
[0mPOST /comments/create [36m302[0m 70.133 ms - 88[0m
[0mGET / [32m200[0m 41.342 ms - 17770[0m
[0mGET /js/toggle_likes.js [33m404[0m 17.930 ms - 157[0m
[0mGET /css/home.css [33m404[0m 36.089 ms - 151[0m
[0mGET /css/chat_box.css [33m404[0m 36.627 ms - 155[0m
[0mGET /css/layout.css [33m404[0m 40.235 ms - 153[0m
[0mGET /js/chat_engine.js [33m404[0m 21.042 ms - 156[0m
[0mGET /css/footer.css [33m404[0m 48.611 ms - 153[0m
[0mGET /css/header.css [33m404[0m 52.399 ms - 153[0m
[0mGET /css/footer.css [33m404[0m 23.040 ms - 153[0m
[0mGET /css/layout.css [33m404[0m 26.263 ms - 153[0m
[0mGET /css/header.css [33m404[0m 26.347 ms - 153[0m
[0mGET /css/home.css [33m404[0m 26.581 ms - 151[0m
[0mGET /css/chat_box.css [33m404[0m 32.767 ms - 155[0m
[0mGET /likes/toggle/?id=636a3d713cf7a73b65168bd0&type=Comment [33m404[0m 10.048 ms - 152[0m
[0mGET /users/sign-out [36m302[0m 7.299 ms - 72[0m
[0mGET /users/sign-in [32m200[0m 6.083 ms - 2496[0m
[0mGET /css/layout.css [33m404[0m 9.086 ms - 153[0m
[0mGET /css/header.css [33m404[0m 10.967 ms - 153[0m
[0mGET /css/footer.css [33m404[0m 9.870 ms - 153[0m
[0mGET /users/sign-in [32m200[0m 11.873 ms - 2159[0m
[0mGET /css/layout.css [33m404[0m 8.428 ms - 153[0m
[0mGET /css/header.css [33m404[0m 8.944 ms - 153[0m
[0mGET /css/footer.css [33m404[0m 10.115 ms - 153[0m
[0mGET /users/sign-up [36m304[0m 5.936 ms - -[0m
[0mGET /css/layout.css [33m404[0m 8.244 ms - 153[0m
[0mGET /css/header.css [33m404[0m 7.029 ms - 153[0m
[0mGET /css/footer.css [33m404[0m 10.178 ms - 153[0m
[0mPOST /users/create [36m302[0m 10.701 ms - 72[0m
[0mGET /users/sign-in [36m304[0m 3.765 ms - -[0m
[0mGET /css/layout.css [33m404[0m 10.015 ms - 153[0m
[0mGET /css/header.css [33m404[0m 8.804 ms - 153[0m
[0mGET /css/footer.css [33m404[0m 10.345 ms - 153[0m
[0mPOST /users/create-session [36m302[0m 8.034 ms - 46[0m
[0mGET / [32m200[0m 43.287 ms - 17944[0m
[0mGET /css/layout.css [33m404[0m 41.534 ms - 153[0m
[0mGET /js/toggle_likes.js [33m404[0m 34.974 ms - 157[0m
[0mGET /css/header.css [33m404[0m 48.811 ms - 153[0m
[0mGET /css/footer.css [33m404[0m 43.880 ms - 153[0m
[0mGET /css/home.css [33m404[0m 43.564 ms - 151[0m
[0mGET /css/chat_box.css [33m404[0m 44.087 ms - 155[0m
[0mGET /js/chat_engine.js [33m404[0m 15.824 ms - 156[0m
[0mGET / [32m200[0m 68.676 ms - 17605[0m
[0mGET /js/toggle_likes.js [33m404[0m 26.323 ms - 157[0m
[0mGET /css/layout.css [33m404[0m 43.758 ms - 153[0m
[0mGET /css/home.css [33m404[0m 32.483 ms - 151[0m
[0mGET /css/header.css [33m404[0m 40.752 ms - 153[0m
[0mGET /css/footer.css [33m404[0m 35.288 ms - 153[0m
[0mGET /css/chat_box.css [33m404[0m 34.188 ms - 155[0m
[0mGET /js/chat_engine.js [33m404[0m 9.835 ms - 156[0m
[0mGET /css/layout.css [33m404[0m 9.269 ms - 153[0m
[0mGET / [36m304[0m 53.950 ms - -[0m
[0mGET /js/toggle_likes.js [33m404[0m 23.502 ms - 157[0m
[0mGET /css/footer.css [33m404[0m 31.958 ms - 153[0m
[0mGET /css/home.css [33m404[0m 32.322 ms - 151[0m
[0mGET /css/layout.css [33m404[0m 38.475 ms - 153[0m
[0mGET /css/header.css [33m404[0m 41.686 ms - 153[0m
[0mGET /css/chat_box.css [33m404[0m 41.082 ms - 155[0m
[0mGET /js/chat_engine.js [33m404[0m 6.594 ms - 156[0m
[0mGET / [32m200[0m 63.790 ms - 12321[0m
[0mGET /js/toggle_likes.js [33m404[0m 23.831 ms - 157[0m
[0mGET /js/chat_engine.js [33m404[0m 3.819 ms - 156[0m
[0mGET /css/layout.css [32m200[0m 56.993 ms - -[0m
[0mGET /css/home.css [32m200[0m 49.249 ms - -[0m
[0mGET /css/footer.css [32m200[0m 66.995 ms - -[0m
[0mGET /css/chat_box.css [32m200[0m 51.537 ms - -[0m
[0mGET /css/header.css [32m200[0m 59.468 ms - -[0m
[0mGET / [36m304[0m 35.939 ms - -[0m
[0mGET /js/toggle_likes.js [33m404[0m 12.074 ms - 157[0m
[0mGET /css/header.css [33m404[0m 27.148 ms - 153[0m
[0mGET /css/home.css [33m404[0m 18.147 ms - 151[0m
[0mGET /css/footer.css [33m404[0m 20.134 ms - 153[0m
[0mGET /css/chat_box.css [33m404[0m 22.777 ms - 155[0m
[0mGET /css/layout.css [32m200[0m 47.102 ms - -[0m
[0mGET /js/chat_engine.js [33m404[0m 6.163 ms - 156[0m
[0mGET / [36m304[0m 32.638 ms - -[0m
[0mGET /css/layout.css [33m404[0m 12.877 ms - 153[0m
[0mGET /css/footer.css [33m404[0m 20.041 ms - 153[0m
[0mGET /css/home.css [33m404[0m 21.171 ms - 151[0m
[0mGET /css/header.css [33m404[0m 24.240 ms - 153[0m
[0mGET /css/chat_box.css [33m404[0m 23.847 ms - 155[0m
[0mGET /js/toggle_likes.js [33m404[0m 16.284 ms - 157[0m
[0mGET /js/chat_engine.js [33m404[0m 2.357 ms - 156[0m
[0mGET / [36m304[0m 26.665 ms - -[0m
[0mGET /js/toggle_likes.js [33m404[0m 7.855 ms - 157[0m
[0mGET /css/header.css [33m404[0m 17.350 ms - 153[0m
[0mGET /css/layout.css [33m404[0m 19.462 ms - 153[0m
[0mGET /css/footer.css [33m404[0m 15.797 ms - 153[0m
[0mGET /css/home.css [33m404[0m 17.272 ms - 151[0m
[0mGET /css/chat_box.css [33m404[0m 20.833 ms - 155[0m
[0mGET /js/chat_engine.js [33m404[0m 2.500 ms - 156[0m
[0mGET / [36m304[0m 32.925 ms - -[0m
[0mGET /js/toggle_likes.js [33m404[0m 17.494 ms - 157[0m
[0mGET /css/header.css [33m404[0m 23.970 ms - 153[0m
[0mGET /css/footer.css [33m404[0m 25.488 ms - 153[0m
[0mGET /css/home.css [33m404[0m 26.511 ms - 151[0m
[0mGET /css/layout.css [33m404[0m 31.174 ms - 153[0m
[0mGET /css/chat_box.css [33m404[0m 27.767 ms - 155[0m
[0mGET /js/chat_engine.js [33m404[0m 3.603 ms - 156[0m
[0mGET / [36m304[0m 54.023 ms - -[0m
[0mGET /css/layout.css [33m404[0m 29.810 ms - 153[0m
[0mGET /js/toggle_likes.js [33m404[0m 15.906 ms - 157[0m
[0mGET /css/header.css [33m404[0m 31.684 ms - 153[0m
[0mGET /css/chat_box.css [33m404[0m 31.832 ms - 155[0m
[0mGET /css/footer.css [33m404[0m 33.466 ms - 153[0m
[0mGET /css/home.css [33m404[0m 34.845 ms - 151[0m
[0mGET /js/chat_engine.js [33m404[0m 3.496 ms - 156[0m
[0mGET / [36m304[0m 63.701 ms - -[0m
[0mGET /js/toggle_likes.js [33m404[0m 11.653 ms - 157[0m
[0mGET /css/layout.css [33m404[0m 32.931 ms - 153[0m
[0mGET /css/footer.css [33m404[0m 31.414 ms - 153[0m
[0mGET /css/header.css [33m404[0m 36.293 ms - 153[0m
[0mGET /css/home.css [33m404[0m 36.911 ms - 151[0m
[0mGET /css/chat_box.css [33m404[0m 31.526 ms - 155[0m
[0mGET /js/chat_engine.js [33m404[0m 4.624 ms - 156[0m
[0mGET / [36m304[0m 51.124 ms - -[0m
[0mGET /js/toggle_likes.js [33m404[0m 14.151 ms - 157[0m
[0mGET /css/layout.css [33m404[0m 28.321 ms - 153[0m
[0mGET /css/footer.css [33m404[0m 22.887 ms - 153[0m
[0mGET /css/header.css [33m404[0m 30.992 ms - 153[0m
[0mGET /css/home.css [33m404[0m 32.330 ms - 151[0m
[0mGET /css/chat_box.css [33m404[0m 32.541 ms - 155[0m
[0mGET /js/chat_engine.js [33m404[0m 5.125 ms - 156[0m
[0mGET / [36m304[0m 28.643 ms - -[0m
[0mGET /js/toggle_likes.js [33m404[0m 3.509 ms - 157[0m
[0mGET /css/home.css [33m404[0m 19.540 ms - 151[0m
[0mGET /css/chat_box.css [33m404[0m 19.398 ms - 155[0m
[0mGET /css/layout.css [32m200[0m 29.947 ms - -[0m
[0mGET /css/header.css [33m404[0m 22.944 ms - 153[0m
[0mGET /css/footer.css [33m404[0m 24.460 ms - 153[0m
[0mGET /js/chat_engine.js [33m404[0m 3.889 ms - 156[0m
[0mGET / [36m304[0m 36.156 ms - -[0m
[0mGET /js/toggle_likes.js [33m404[0m 9.211 ms - 157[0m
[0mGET /css/header.css [33m404[0m 13.377 ms - 153[0m
[0mGET /css/footer.css [33m404[0m 15.804 ms - 153[0m
[0mGET /css/home.css [33m404[0m 16.286 ms - 151[0m
[0mGET /css/chat_box.css [33m404[0m 16.203 ms - 155[0m
[0mGET /css/layout.css [33m404[0m 18.983 ms - 153[0m
[0mGET /js/chat_engine.js [33m404[0m 2.611 ms - 156[0m
[0mGET / [36m304[0m 26.930 ms - -[0m
[0mGET /css/layout.css [33m404[0m 18.176 ms - 153[0m
[0mGET /js/toggle_likes.js [33m404[0m 7.737 ms - 157[0m
[0mGET /css/header.css [33m404[0m 20.440 ms - 153[0m
[0mGET /css/footer.css [33m404[0m 17.818 ms - 153[0m
[0mGET /css/home.css [33m404[0m 17.136 ms - 151[0m
[0mGET /css/chat_box.css [33m404[0m 16.556 ms - 155[0m
[0mGET /js/chat_engine.js [33m404[0m 5.412 ms - 156[0m
[0mGET / [36m304[0m 26.024 ms - -[0m
[0mGET /js/toggle_likes.js [33m404[0m 8.986 ms - 157[0m
[0mGET /css/footer.css [33m404[0m 28.541 ms - 153[0m
[0mGET /css/layout.css [33m404[0m 30.621 ms - 153[0m
[0mGET /css/header.css [33m404[0m 30.893 ms - 153[0m
[0mGET /css/home.css [33m404[0m 30.763 ms - 151[0m
[0mGET /css/chat_box.css [33m404[0m 31.943 ms - 155[0m
[0mGET /js/chat_engine.js [33m404[0m 4.664 ms - 156[0m
[0mGET / [36m304[0m 45.568 ms - -[0m
[0mGET /js/toggle_likes.js [33m404[0m 13.656 ms - 157[0m
[0mGET /css/header.css [33m404[0m 24.349 ms - 153[0m
[0mGET /css/layout.css [33m404[0m 28.117 ms - 153[0m
[0mGET /css/footer.css [33m404[0m 25.435 ms - 153[0m
[0mGET /css/chat_box.css [33m404[0m 23.604 ms - 155[0m
[0mGET /css/home.css [33m404[0m 26.209 ms - 151[0m
[0mGET /js/chat_engine.js [33m404[0m 5.681 ms - 156[0m
[0mGET / [36m304[0m 25.985 ms - -[0m
[0mGET /js/toggle_likes.js [33m404[0m 14.186 ms - 157[0m
[0mGET /css/header.css [33m404[0m 22.229 ms - 153[0m
[0mGET /css/home.css [33m404[0m 20.360 ms - 151[0m
[0mGET /css/footer.css [33m404[0m 22.163 ms - 153[0m
[0mGET /css/chat_box.css [33m404[0m 19.937 ms - 155[0m
[0mGET /js/chat_engine.js [33m404[0m 3.090 ms - 156[0m
[0mGET /css/layout.css [32m200[0m 46.021 ms - -[0m
[0mGET / [36m304[0m 25.481 ms - -[0m
[0mGET /js/toggle_likes.js [33m404[0m 6.342 ms - 157[0m
[0mGET /css/header.css [33m404[0m 15.102 ms - 153[0m
[0mGET /css/layout.css [33m404[0m 18.807 ms - 153[0m
[0mGET /css/home.css [33m404[0m 18.614 ms - 151[0m
[0mGET /css/footer.css [33m404[0m 19.822 ms - 153[0m
[0mGET /css/chat_box.css [33m404[0m 19.921 ms - 155[0m
[0mGET /js/chat_engine.js [33m404[0m 3.245 ms - 156[0m
[0mGET / [36m304[0m 23.098 ms - -[0m
[0mGET /js/toggle_likes.js [33m404[0m 4.971 ms - 157[0m
[0mGET /css/layout.css [33m404[0m 15.768 ms - 153[0m
[0mGET /css/header.css [33m404[0m 16.193 ms - 153[0m
[0mGET /css/footer.css [33m404[0m 15.598 ms - 153[0m
[0mGET /css/home.css [33m404[0m 15.383 ms - 151[0m
[0mGET /css/chat_box.css [33m404[0m 17.459 ms - 155[0m
[0mGET /js/chat_engine.js [33m404[0m 28.326 ms - 156[0m
[0mGET / [36m304[0m 25.792 ms - -[0m
[0mGET /js/toggle_likes.js [33m404[0m 7.651 ms - 157[0m
[0mGET /css/layout.css [33m404[0m 16.758 ms - 153[0m
[0mGET /css/header.css [33m404[0m 17.332 ms - 153[0m
[0mGET /css/home.css [33m404[0m 16.749 ms - 151[0m
[0mGET /css/footer.css [33m404[0m 18.158 ms - 153[0m
[0mGET /css/chat_box.css [33m404[0m 19.043 ms - 155[0m
[0mGET /js/chat_engine.js [33m404[0m 5.112 ms - 156[0m
[0mGET / [36m304[0m 25.850 ms - -[0m
[0mGET /js/toggle_likes.js [33m404[0m 8.462 ms - 157[0m
[0mGET /css/layout.css [33m404[0m 17.192 ms - 153[0m
[0mGET /css/footer.css [33m404[0m 17.347 ms - 153[0m
[0mGET /css/header.css [33m404[0m 19.793 ms - 153[0m
[0mGET /css/chat_box.css [33m404[0m 19.383 ms - 155[0m
[0mGET /css/home.css [33m404[0m 22.182 ms - 151[0m
[0mGET /js/chat_engine.js [33m404[0m 2.267 ms - 156[0m
[0mGET / [36m304[0m 39.842 ms - -[0m
[0mGET /js/toggle_likes.js [33m404[0m 14.884 ms - 157[0m
[0mGET /css/footer.css [33m404[0m 19.910 ms - 153[0m
[0mGET /css/header.css [33m404[0m 23.886 ms - 153[0m
[0mGET /css/layout.css [33m404[0m 26.936 ms - 153[0m
[0mGET /css/home.css [33m404[0m 25.838 ms - 151[0m
[0mGET /css/chat_box.css [33m404[0m 25.894 ms - 155[0m
[0mGET /js/chat_engine.js [33m404[0m 3.104 ms - 156[0m
[0mGET / [36m304[0m 48.295 ms - -[0m
[0mGET /js/toggle_likes.js [33m404[0m 13.549 ms - 157[0m
[0mGET /css/layout.css [33m404[0m 22.112 ms - 153[0m
[0mGET /css/header.css [33m404[0m 25.150 ms - 153[0m
[0mGET /css/footer.css [33m404[0m 26.150 ms - 153[0m
[0mGET /css/chat_box.css [33m404[0m 26.998 ms - 155[0m
[0mGET /css/home.css [33m404[0m 31.843 ms - 151[0m
[0mGET /js/chat_engine.js [33m404[0m 4.151 ms - 156[0m
[0mGET / [36m304[0m 50.090 ms - -[0m
[0mGET /js/toggle_likes.js [33m404[0m 13.333 ms - 157[0m
[0mGET /css/layout.css [33m404[0m 29.837 ms - 153[0m
[0mGET /css/footer.css [33m404[0m 29.035 ms - 153[0m
[0mGET /css/header.css [33m404[0m 32.023 ms - 153[0m
[0mGET /css/home.css [33m404[0m 30.930 ms - 151[0m
[0mGET /css/chat_box.css [33m404[0m 23.588 ms - 155[0m
[0mGET /js/chat_engine.js [33m404[0m 6.228 ms - 156[0m
[0mGET / [36m304[0m 44.972 ms - -[0m
[0mGET /js/toggle_likes.js [33m404[0m 13.163 ms - 157[0m
[0mGET /css/chat_box.css [33m404[0m 17.485 ms - 155[0m
[0mGET /css/footer.css [33m404[0m 20.258 ms - 153[0m
[0mGET /css/header.css [33m404[0m 22.336 ms - 153[0m
[0mGET /css/home.css [33m404[0m 21.481 ms - 151[0m
[0mGET /css/layout.css [33m404[0m 25.333 ms - 153[0m
[0mGET /js/chat_engine.js [33m404[0m 3.335 ms - 156[0m
[0mGET /users/sign-in [36m304[0m 9.507 ms - -[0m
[0mGET /css/layout.css [33m404[0m 4.107 ms - 153[0m
[0mGET /css/footer.css [33m404[0m 9.694 ms - 153[0m
[0mGET /css/header.css [33m404[0m 12.380 ms - 153[0m
[0mPOST /users/create-session [36m302[0m 13.851 ms - 72[0m
[0mGET /users/sign-in [36m304[0m 8.194 ms - -[0m
[0mGET /css/layout.css [33m404[0m 7.293 ms - 153[0m
[0mGET /css/header.css [33m404[0m 8.528 ms - 153[0m
[0mGET /css/footer.css [33m404[0m 6.054 ms - 153[0m
[0mPOST /users/create-session [36m302[0m 14.584 ms - 46[0m
[0mGET / [32m200[0m 81.426 ms - 17941[0m
[0mGET /css/layout.css [33m404[0m 48.080 ms - 153[0m
[0mGET /js/toggle_likes.js [33m404[0m 40.237 ms - 157[0m
[0mGET /css/header.css [33m404[0m 61.620 ms - 153[0m
[0mGET /css/footer.css [33m404[0m 56.777 ms - 153[0m
[0mGET /css/home.css [33m404[0m 56.463 ms - 151[0m
[0mGET /css/chat_box.css [33m404[0m 58.243 ms - 155[0m
[0mGET /js/chat_engine.js [33m404[0m 19.369 ms - 156[0m
[0mGET /likes/toggle/?id=6370d26139f10158b9daae36&type=Comment [33m404[0m 11.815 ms - 152[0m
[0mGET /likes/toggle/?id=6370d26139f10158b9daae36&type=Comment [33m404[0m 14.684 ms - 152[0m
